<?xml version="1.0" encoding="utf-8"?><testsuites name="pytest tests"><testsuite name="pytest" errors="0" failures="0" skipped="0" tests="12" time="8.026" timestamp="2026-08-11T13:44:42.454079+00:00" hostname="agent-env-0236f028-bf33-45e6-ac8e-5ee4ace1d7f1"><testcase classname="tests.test_iteration18_calls_ws" name="test_ws_rejects_invalid_token" time="0.027" /><testcase classname="tests.test_iteration18_calls_ws" name="test_call_offer_online_forwarded_with_caller_card" time="0.757" /><testcase classname="tests.test_iteration18_calls_ws" name="test_call_offer_offline_returns_call_unavailable" time="0.653" /><testcase classname="tests.test_iteration18_calls_ws" name="test_call_relay_events_forwarded[call_answer]" time="0.755" /><testcase classname="tests.test_iteration18_calls_ws" name="test_call_relay_events_forwarded[call_ice]" time="0.755" /><testcase classname="tests.test_iteration18_calls_ws" name="test_call_relay_events_forwarded[call_decline]" time="0.754" /><testcase classname="tests.test_iteration18_calls_ws" name="test_call_relay_events_forwarded[call_end]" time="0.754" /><testcase classname="tests.test_iteration18_calls_ws" name="test_room_rtc_events_forwarded[rtc_offer]" time="0.755" /><testcase classname="tests.test_iteration18_calls_ws" name="test_room_rtc_events_forwarded[rtc_answer]" time="0.775" /><testcase classname="tests.test_iteration18_calls_ws" name="test_room_rtc_events_forwarded[rtc_ice]" time="0.754" /><testcase classname="tests.test_iteration18_calls_ws" name="test_voice_room_membership_flow" time="0.468" /><testcase classname="tests.test_iteration18_calls_ws" name="test_ws_room_update_on_join" time="0.765" /></testsuite></testsuites>