<?xml version="1.0" encoding="utf-8"?><testsuites name="pytest tests"><testsuite name="pytest" errors="0" failures="0" skipped="0" tests="18" time="5.641" timestamp="2026-07-31T10:25:58.375959+00:00" hostname="agent-env-988fbec0-1b36-4d86-8489-4fcbf4ba4381"><testcase classname="backend.tests.test_iteration16_round62.TestLeaderboard" name="test_global_weekly" time="0.528" /><testcase classname="backend.tests.test_iteration16_round62.TestLeaderboard" name="test_friends_weekly" time="0.102" /><testcase classname="backend.tests.test_iteration16_round62.TestLeaderboard" name="test_unauth_401" time="0.094" /><testcase classname="backend.tests.test_iteration16_round62.TestPlacement" name="test_questions_returns_10_no_answer_leak" time="0.093" /><testcase classname="backend.tests.test_iteration16_round62.TestPlacement" name="test_full_correct_submit_advanced" time="0.301" /><testcase classname="backend.tests.test_iteration16_round62.TestPlacement" name="test_beginner_level_all_wrong" time="0.192" /><testcase classname="backend.tests.test_iteration16_round62.TestPlacement" name="test_bad_attempt_id_404" time="0.142" /><testcase classname="backend.tests.test_iteration16_round62.TestMomentBookmarks" name="test_bookmark_toggle_and_saved_list" time="0.740" /><testcase classname="backend.tests.test_iteration16_round62.TestMomentBookmarks" name="test_bookmark_missing_moment_404" time="0.100" /><testcase classname="backend.tests.test_iteration16_round62.TestStudyRoom" name="test_create_study_room" time="0.508" /><testcase classname="backend.tests.test_iteration16_round62.TestStudyRoom" name="test_pomodoro_start_skip_reset_host" time="0.327" /><testcase classname="backend.tests.test_iteration16_round62.TestStudyRoom" name="test_pomodoro_non_host_403" time="0.418" /><testcase classname="backend.tests.test_iteration16_round62.TestStudyRoom" name="test_cleanup_end_room" time="0.096" /><testcase classname="backend.tests.test_iteration16_round62.TestAdminHardening" name="test_admin_token_kind_and_ver" time="0.324" /><testcase classname="backend.tests.test_iteration16_round62.TestAdminHardening" name="test_admin_stats" time="0.093" /><testcase classname="backend.tests.test_iteration16_round62.TestAdminHardening" name="test_regular_user_forbidden" time="0.092" /><testcase classname="backend.tests.test_iteration16_round62.TestAdminHardening" name="test_audit_records_ban_action" time="0.375" /><testcase classname="backend.tests.test_iteration16_round62.TestAdminHardening" name="test_revoke_sessions_invalidates_token" time="1.030" /></testsuite></testsuites>