<?xml version="1.0" encoding="utf-8"?><testsuites name="pytest tests"><testsuite name="pytest" errors="0" failures="0" skipped="0" tests="19" time="3.051" timestamp="2026-07-31T08:02:53.147917+00:00" hostname="agent-env-988fbec0-1b36-4d86-8489-4fcbf4ba4381"><testcase classname="backend.tests.test_iteration15_auth_rooms_play.TestAuth" name="test_login_demo_user" time="0.431" /><testcase classname="backend.tests.test_iteration15_auth_rooms_play.TestAuth" name="test_login_wrong_password" time="0.262" /><testcase classname="backend.tests.test_iteration15_auth_rooms_play.TestAuth" name="test_register_new_user" time="0.381" /><testcase classname="backend.tests.test_iteration15_auth_rooms_play.TestAuth" name="test_register_duplicate_email" time="0.264" /><testcase classname="backend.tests.test_iteration15_auth_rooms_play.TestAuth" name="test_guest_login" time="0.303" /><testcase classname="backend.tests.test_iteration15_auth_rooms_play.TestAuth" name="test_google_missing_session" time="0.038" /><testcase classname="backend.tests.test_iteration15_auth_rooms_play.TestAuth" name="test_google_invalid_session" time="0.114" /><testcase classname="backend.tests.test_iteration15_auth_rooms_play.TestVoiceRooms" name="test_list_rooms" time="0.306" /><testcase classname="backend.tests.test_iteration15_auth_rooms_play.TestVoiceRooms" name="test_create_room" time="0.050" /><testcase classname="backend.tests.test_iteration15_auth_rooms_play.TestVoiceRooms" name="test_get_room_after_create" time="0.040" /><testcase classname="backend.tests.test_iteration15_auth_rooms_play.TestVoiceRooms" name="test_join_and_leave_as_second_user" time="0.342" /><testcase classname="backend.tests.test_iteration15_auth_rooms_play.TestVoiceRooms" name="test_end_room_cleanup" time="0.120" /><testcase classname="backend.tests.test_iteration15_auth_rooms_play.TestWOTD" name="test_wotd_get" time="0.042" /><testcase classname="backend.tests.test_iteration15_auth_rooms_play.TestWOTD" name="test_wotd_claim_idempotent" time="0.079" /><testcase classname="backend.tests.test_iteration15_auth_rooms_play.TestVocabHub" name="test_vocab_languages" time="0.039" /><testcase classname="backend.tests.test_iteration15_auth_rooms_play.TestVocabHub" name="test_vocab_lessons_by_level[Beginner]" time="0.041" /><testcase classname="backend.tests.test_iteration15_auth_rooms_play.TestVocabHub" name="test_vocab_lessons_by_level[Intermediate]" time="0.041" /><testcase classname="backend.tests.test_iteration15_auth_rooms_play.TestVocabHub" name="test_vocab_lessons_by_level[Advanced]" time="0.039" /><testcase classname="backend.tests.test_iteration15_auth_rooms_play.TestPlayXP" name="test_flag_match_complete_awards_xp" time="0.041" /></testsuite></testsuites>