<?xml version="1.0" encoding="utf-8"?><testsuites name="pytest tests"><testsuite name="pytest" errors="0" failures="0" skipped="0" tests="7" time="2.903" timestamp="2026-07-31T11:54:08.067488+00:00" hostname="agent-env-988fbec0-1b36-4d86-8489-4fcbf4ba4381"><testcase classname="backend.tests.test_iteration17_vip_lang_policy.TestVipUser" name="test_vip_user_is_vip" time="1.096" /><testcase classname="backend.tests.test_iteration17_vip_lang_policy.TestVipUser" name="test_vip_too_many_teach_langs_422" time="0.274" /><testcase classname="backend.tests.test_iteration17_vip_lang_policy.TestVipUser" name="test_vip_two_valid_teach_langs_saved" time="0.189" /><testcase classname="backend.tests.test_iteration17_vip_lang_policy.TestVipUser" name="test_vip_native_filtered_out_of_teach" time="0.321" /><testcase classname="backend.tests.test_iteration17_vip_lang_policy.TestVipUser" name="test_vip_change_native_removes_from_teach" time="0.473" /><testcase classname="backend.tests.test_iteration17_vip_lang_policy.TestNonVipUser" name="test_non_vip_user_is_not_vip" time="0.100" /><testcase classname="backend.tests.test_iteration17_vip_lang_policy.TestNonVipUser" name="test_non_vip_teach_langs_cleared" time="0.389" /></testsuite></testsuites>