<?xml version="1.0" encoding="utf-8"?><testsuites name="pytest tests"><testsuite name="pytest" errors="0" failures="0" skipped="0" tests="11" time="5.257" timestamp="2026-08-22T03:42:22.222135+00:00" hostname="agent-env-0236f028-bf33-45e6-ac8e-5ee4ace1d7f1"><testcase classname="backend.tests.test_iteration23_webrtc.TestRtcConfig" name="test_unauthorized_401" time="0.264" /><testcase classname="backend.tests.test_iteration23_webrtc.TestRtcConfig" name="test_returns_ice_servers" time="1.801" /><testcase classname="backend.tests.test_iteration23_webrtc.TestRtcCallsStart" name="test_self_call_400" time="0.109" /><testcase classname="backend.tests.test_iteration23_webrtc.TestRtcCallsStart" name="test_unknown_receiver_404" time="0.105" /><testcase classname="backend.tests.test_iteration23_webrtc.TestRtcCallsStart" name="test_success_returns_call_id_and_card" time="0.105" /><testcase classname="backend.tests.test_iteration23_webrtc.TestRtcCallsStart" name="test_block_returns_403" time="0.327" /><testcase classname="backend.tests.test_iteration23_webrtc.TestRtcCallsStart" name="test_rate_limit_429" time="1.593" /><testcase classname="backend.tests.test_iteration23_webrtc.TestRtcCallsStatus" name="test_unknown_call_404" time="0.105" /><testcase classname="backend.tests.test_iteration23_webrtc.TestRtcCallsStatus" name="test_third_user_forbidden_403" time="0.346" /><testcase classname="backend.tests.test_iteration23_webrtc.TestRtcCallsStatus" name="test_invalid_status_400" time="0.201" /><testcase classname="backend.tests.test_iteration23_webrtc.TestRtcCallsStatus" name="test_participant_can_finalize" time="0.238" /></testsuite></testsuites>