<?xml version="1.0" encoding="utf-8"?><testsuites name="pytest tests"><testsuite name="pytest" errors="0" failures="0" skipped="1" tests="14" time="15.335" timestamp="2026-08-21T11:34:18.258625+00:00" hostname="agent-env-0236f028-bf33-45e6-ac8e-5ee4ace1d7f1"><testcase classname="tests.test_iteration22_calls_ws" name="test_ws_rejects_invalid_token" time="0.025" /><testcase classname="tests.test_iteration22_calls_ws" name="test_call_offer_online_forwarded_with_caller_card" time="1.347" /><testcase classname="tests.test_iteration22_calls_ws" name="test_call_offer_offline_returns_call_unavailable" time="0.901" /><testcase classname="tests.test_iteration22_calls_ws" name="test_call_relay_events_forwarded[call_answer]" time="1.104" /><testcase classname="tests.test_iteration22_calls_ws" name="test_call_relay_events_forwarded[call_ice]" time="1.099" /><testcase classname="tests.test_iteration22_calls_ws" name="test_call_relay_events_forwarded[call_decline]" time="1.046" /><testcase classname="tests.test_iteration22_calls_ws" name="test_call_relay_events_forwarded[call_end]" time="1.142" /><testcase classname="tests.test_iteration22_calls_ws" name="test_room_rtc_events_forwarded[rtc_offer]" time="1.032" /><testcase classname="tests.test_iteration22_calls_ws" name="test_room_rtc_events_forwarded[rtc_answer]" time="0.994" /><testcase classname="tests.test_iteration22_calls_ws" name="test_room_rtc_events_forwarded[rtc_ice]" time="0.985" /><testcase classname="tests.test_iteration22_calls_ws" name="test_room_rtc_events_forwarded[rtc_restart]" time="1.089" /><testcase classname="tests.test_iteration22_calls_ws" name="test_voice_room_membership_flow" time="1.464" /><testcase classname="tests.test_iteration22_calls_ws" name="test_ws_room_update_on_join" time="1.464" /><testcase classname="tests.test_iteration22_calls_ws" name="test_room_speaker_promotion_endpoint_exists" time="1.465"><skipped type="pytest.skip" message="No promotion endpoint found (tried 3 shapes → (404, 404, 404))">/app/backend/tests/test_iteration22_calls_ws.py:254: No promotion endpoint found (tried 3 shapes → (404, 404, 404))</skipped></testcase></testsuite></testsuites>